f:\sdl2_prototype\x64\debug\vc143.pdb
f:\sdl2_prototype\x64\debug\vc143.idb
f:\sdl2_prototype\x64\debug\spaceship.obj
f:\sdl2_prototype\x64\debug\slime.obj
f:\sdl2_prototype\x64\debug\quadtreev2.obj
f:\sdl2_prototype\x64\debug\vector2.obj
f:\sdl2_prototype\x64\debug\mathhelper.obj
f:\sdl2_prototype\x64\debug\main.obj
f:\sdl2_prototype\x64\debug\input.obj
f:\sdl2_prototype\x64\debug\gameobject.obj
f:\sdl2_prototype\x64\debug\game.obj
f:\sdl2_prototype\x64\debug\collider.obj
f:\sdl2_prototype\x64\debug\assetmanager.obj
f:\sdl2_prototype\x64\debug\playerhealthbar.obj
f:\sdl2_prototype\x64\debug\timer.obj
f:\sdl2_prototype\x64\debug\health.obj
f:\sdl2_prototype\x64\debug\weapon.obj
f:\sdl2_prototype\x64\debug\bullet.obj
f:\sdl2_prototype\x64\debug\objectpooler.obj
f:\sdl2_prototype\x64\debug\scene.obj
f:\sdl2_prototype\x64\debug\sprite.obj
f:\sdl2_prototype\x64\debug\animation.obj
f:\sdl2_prototype\x64\debug\imgui_widgets.obj
f:\sdl2_prototype\x64\debug\imgui_tables.obj
f:\sdl2_prototype\x64\debug\imgui_impl_sdlrenderer2.obj
f:\sdl2_prototype\x64\debug\imgui_impl_sdl2.obj
f:\sdl2_prototype\x64\debug\imgui_draw.obj
f:\sdl2_prototype\x64\debug\imgui_demo.obj
f:\sdl2_prototype\x64\debug\imgui.obj
f:\sdl2_prototype\x64\debug\bmtextrenderer.obj
f:\sdl2_prototype\x64\debug\gamestatemanager.obj
f:\sdl2_prototype\x64\debug\gamestate.obj
f:\sdl2_prototype\x64\debug\gameplaystate.obj
f:\sdl2_prototype\x64\debug\enemyspawner.obj
f:\sdl2_prototype\x64\debug\delayedfunctioncall.obj
f:\sdl2_prototype\x64\debug\uibase.obj
f:\sdl2_prototype\x64\debug\layermanager.obj
f:\sdl2_prototype\x64\debug\singleton.obj
f:\sdl2_prototype\x64\debug\textureloader.obj
f:\sdl2_prototype\x64\debug\game.obj.enc
f:\sdl2_prototype\x64\debug\prototype-1.pdb
f:\sdl2_prototype\x64\debug\prototype-1.tlog\cl.command.1.tlog
f:\sdl2_prototype\x64\debug\prototype-1.tlog\cl.items.tlog
f:\sdl2_prototype\x64\debug\prototype-1.tlog\cl.read.1.tlog
f:\sdl2_prototype\x64\debug\prototype-1.tlog\cl.write.1.tlog
f:\sdl2_prototype\x64\debug\prototype-1.tlog\link.command.1.tlog
f:\sdl2_prototype\x64\debug\prototype-1.tlog\link.read.1.tlog
f:\sdl2_prototype\x64\debug\prototype-1.tlog\link.write.1.tlog
